Using pre-set license
Built from '2021.3/staging' branch; Version is '2021.3.14f1 (eee1884e7226) revision 15655304'; Using compiler version '192829333'; Build Type 'Release'
OS: 'Windows 10  (10.0.19044) 64bit Professional' Language: 'es' Physical Memory: 16329 MB
BatchMode: 1, IsHumanControllingUs: 0, StartBugReporterOnCrash: 0, Is64bit: 1, IsPro: 1

COMMAND LINE ARGUMENTS:
C:\Program Files\Unity\Hub\Editor\2021.3.14f1\Editor\Unity.exe
-adb2
-batchMode
-noUpm
-name
AssetImportWorker4
-projectPath
E:/Unity/FishTank/FishTank
-logFile
Logs/AssetImportWorker4.log
-srvPort
51347
Successfully changed project path to: E:/Unity/FishTank/FishTank
E:/Unity/FishTank/FishTank
[UnityMemory] Configuration Parameters - Can be set up in boot.config
    "memorysetup-bucket-allocator-granularity=16"
    "memorysetup-bucket-allocator-bucket-count=8"
    "memorysetup-bucket-allocator-block-size=33554432"
    "memorysetup-bucket-allocator-block-count=8"
    "memorysetup-main-allocator-block-size=16777216"
    "memorysetup-thread-allocator-block-size=16777216"
    "memorysetup-gfx-main-allocator-block-size=16777216"
    "memorysetup-gfx-thread-allocator-block-size=16777216"
    "memorysetup-cache-allocator-block-size=4194304"
    "memorysetup-typetree-allocator-block-size=2097152"
    "memorysetup-profiler-bucket-allocator-granularity=16"
    "memorysetup-profiler-bucket-allocator-bucket-count=8"
    "memorysetup-profiler-bucket-allocator-block-size=33554432"
    "memorysetup-profiler-bucket-allocator-block-count=8"
    "memorysetup-profiler-allocator-block-size=16777216"
    "memorysetup-profiler-editor-allocator-block-size=1048576"
    "memorysetup-temp-allocator-size-main=16777216"
    "memorysetup-job-temp-allocator-block-size=2097152"
    "memorysetup-job-temp-allocator-block-size-background=1048576"
    "memorysetup-job-temp-allocator-reduction-small-platforms=262144"
    "memorysetup-temp-allocator-size-background-worker=32768"
    "memorysetup-temp-allocator-size-job-worker=262144"
    "memorysetup-temp-allocator-size-preload-manager=33554432"
    "memorysetup-temp-allocator-size-nav-mesh-worker=65536"
    "memorysetup-temp-allocator-size-audio-worker=65536"
    "memorysetup-temp-allocator-size-cloud-worker=32768"
    "memorysetup-temp-allocator-size-gi-baking-worker=262144"
    "memorysetup-temp-allocator-size-gfx=262144"
Refreshing native plugins compatible for Editor in 99.97 ms, found 3 plugins.
Preloading 0 native plugins for Editor in 0.00 ms.
Initialize engine version: 2021.3.14f1 (eee1884e7226)
[Subsystems] Discovering subsystems at path C:/Program Files/Unity/Hub/Editor/2021.3.14f1/Editor/Data/Resources/UnitySubsystems
[Subsystems] Discovering subsystems at path E:/Unity/FishTank/FishTank/Assets
GfxDevice: creating device client; threaded=0; jobified=0
Direct3D:
    Version:  Direct3D 11.0 [level 11.1]
    Renderer: NVIDIA GeForce RTX 3060 (ID=0x2504)
    Vendor:   NVIDIA
    VRAM:     12129 MB
    Driver:   31.0.15.2849
Initialize mono
Mono path[0] = 'C:/Program Files/Unity/Hub/Editor/2021.3.14f1/Editor/Data/Managed'
Mono path[1] = 'C:/Program Files/Unity/Hub/Editor/2021.3.14f1/Editor/Data/MonoBleedingEdge/lib/mono/unityjit-win32'
Mono config path = 'C:/Program Files/Unity/Hub/Editor/2021.3.14f1/Editor/Data/MonoBleedingEdge/etc'
Using monoOptions --debugger-agent=transport=dt_socket,embedding=1,server=y,suspend=n,address=127.0.0.1:56500
Begin MonoManager ReloadAssembly
Registering precompiled unity dll's ...
Register platform support module: C:/Program Files/Unity/Hub/Editor/2021.3.14f1/Editor/Data/PlaybackEngines/WindowsStandaloneSupport/UnityEditor.WindowsStandalone.Extensions.dll
Registered in 0.006952 seconds.
Native extension for WindowsStandalone target not found
Refreshing native plugins compatible for Editor in 104.25 ms, found 3 plugins.
Preloading 0 native plugins for Editor in 0.00 ms.
Mono: successfully reloaded assembly
- Completed reload, in  0.671 seconds
Domain Reload Profiling:
	ReloadAssembly (671ms)
		BeginReloadAssembly (90ms)
			ExecutionOrderSort (0ms)
			DisableScriptedObjects (0ms)
			BackupInstance (0ms)
			ReleaseScriptingObjects (0ms)
			CreateAndSetChildDomain (1ms)
		EndReloadAssembly (471ms)
			LoadAssemblies (86ms)
			RebuildTransferFunctionScriptingTraits (0ms)
			SetupTypeCache (101ms)
			ReleaseScriptCaches (0ms)
			RebuildScriptCaches (28ms)
			SetupLoadedEditorAssemblies (290ms)
				LogAssemblyErrors (0ms)
				InitializePlatformSupportModulesInManaged (7ms)
				SetLoadedEditorAssemblies (0ms)
				RefreshPlugins (104ms)
				BeforeProcessingInitializeOnLoad (1ms)
				ProcessInitializeOnLoadAttributes (134ms)
				ProcessInitializeOnLoadMethodAttributes (44ms)
				AfterProcessingInitializeOnLoad (0ms)
				EditorAssembliesLoaded (0ms)
			ExecutionOrderSort2 (0ms)
			AwakeInstancesAfterBackupRestoration (0ms)
Platform modules already initialized, skipping
Registering precompiled user dll's ...
Registered in 0.006148 seconds.
Begin MonoManager ReloadAssembly
Symbol file LoadedFromMemory doesn't match image E:\Unity\FishTank\FishTank\Library\PackageCache\com.unity.visualscripting@1.7.8\Editor\VisualScripting.Core\Dependencies\YamlDotNet\Unity.VisualScripting.YamlDotNet.dll
Symbol file LoadedFromMemory doesn't match image E:\Unity\FishTank\FishTank\Library\PackageCache\com.unity.visualscripting@1.7.8\Editor\VisualScripting.Core\Dependencies\DotNetZip\Unity.VisualScripting.IonicZip.dll
Native extension for WindowsStandalone target not found
Refreshing native plugins compatible for Editor in 1.39 ms, found 3 plugins.
Preloading 0 native plugins for Editor in 0.00 ms.
Mono: successfully reloaded assembly
- Completed reload, in  1.099 seconds
Domain Reload Profiling:
	ReloadAssembly (1099ms)
		BeginReloadAssembly (115ms)
			ExecutionOrderSort (0ms)
			DisableScriptedObjects (5ms)
			BackupInstance (0ms)
			ReleaseScriptingObjects (0ms)
			CreateAndSetChildDomain (19ms)
		EndReloadAssembly (862ms)
			LoadAssemblies (102ms)
			RebuildTransferFunctionScriptingTraits (0ms)
			SetupTypeCache (278ms)
			ReleaseScriptCaches (1ms)
			RebuildScriptCaches (62ms)
			SetupLoadedEditorAssemblies (385ms)
				LogAssemblyErrors (0ms)
				InitializePlatformSupportModulesInManaged (6ms)
				SetLoadedEditorAssemblies (1ms)
				RefreshPlugins (2ms)
				BeforeProcessingInitializeOnLoad (90ms)
				ProcessInitializeOnLoadAttributes (255ms)
				ProcessInitializeOnLoadMethodAttributes (24ms)
				AfterProcessingInitializeOnLoad (8ms)
				EditorAssembliesLoaded (0ms)
			ExecutionOrderSort2 (0ms)
			AwakeInstancesAfterBackupRestoration (6ms)
Platform modules already initialized, skipping
========================================================================
Worker process is ready to serve import requests
Launched and connected shader compiler UnityShaderCompiler.exe after 0.11 seconds
Refreshing native plugins compatible for Editor in 0.76 ms, found 3 plugins.
Preloading 0 native plugins for Editor in 0.00 ms.
Unloading 3362 Unused Serialized files (Serialized files now loaded: 0)
Unloading 27 unused Assets / (114.3 KB). Loaded Objects now: 3821.
Memory consumption went from 120.1 MB to 120.0 MB.
Total: 3.095100 ms (FindLiveObjects: 0.294900 ms CreateObjectMapping: 0.201800 ms MarkObjects: 2.478100 ms  DeleteObjects: 0.119300 ms)

AssetImportParameters requested are different than current active one (requested -> active):
  custom:video-decoder-ogg-theora: a1e56fd34408186e4bbccfd4996cb3dc -> 
  custom:container-muxer-webm: aa71ff27fc2769a1b78a27578f13a17b -> 
  custom:container-demuxer-webm: 4f35f7cbe854078d1ac9338744f61a02 -> 
  custom:video-encoder-webm-vp8: eb34c28f22e8b96e1ab97ce403110664 -> 
  custom:audio-encoder-webm-vorbis: bf7c407c2cedff20999df2af8eb42d56 -> 
  custom:framework-win-MediaFoundation: 216162199b28c13a410421893ffa2e32 -> 
  custom:container-demuxer-ogg: 62fdf1f143b41e24485cea50d1cbac27 -> 
  custom:video-decoder-webm-vp8: 9c59270c3fd7afecdb556c50c9e8de78 -> 
  custom:audio-decoder-ogg-vorbis: bf7c407c2cedff20999df2af8eb42d56 -> 
========================================================================
Received Import Request.
  Time since last request: 25240.986239 seconds.
  path: Assets/Materials/Fish/Piranha/M_Piranha.mat
  artifactKey: Guid(95d6f6bb31051e2438147a2b63b324d8) Importer(815301076,1909f56bfc062723c751e8b465ee728b)
Start importing Assets/Materials/Fish/Piranha/M_Piranha.mat using Guid(95d6f6bb31051e2438147a2b63b324d8) Importer(815301076,1909f56bfc062723c751e8b465ee728b)  -> (artifact id: '02ef2265c616f7f7e9ca2ff18f6a9ed5') in 0.145501 seconds 
========================================================================
Received Import Request.
  Time since last request: 11.748716 seconds.
  path: Assets/Quirky Series Ultimate/Quirky Series Vol.4/River Vol.2/Textures
  artifactKey: Guid(62d3bf68dc7250048816eaf2cb651704) Importer(815301076,1909f56bfc062723c751e8b465ee728b)
Start importing Assets/Quirky Series Ultimate/Quirky Series Vol.4/River Vol.2/Textures using Guid(62d3bf68dc7250048816eaf2cb651704) Importer(815301076,1909f56bfc062723c751e8b465ee728b)  -> (artifact id: '8d898f32b0a08412003546b5df1814f2') in 0.001961 seconds 
========================================================================
Received Import Request.
  Time since last request: 0.855082 seconds.
  path: Assets/Quirky Series Ultimate/Quirky Series Vol.4/River Vol.2/Textures/T_Alligator.png
  artifactKey: Guid(cc3982d5d4a11a8438ec628ee3fa525e) Importer(815301076,1909f56bfc062723c751e8b465ee728b)
Start importing Assets/Quirky Series Ultimate/Quirky Series Vol.4/River Vol.2/Textures/T_Alligator.png using Guid(cc3982d5d4a11a8438ec628ee3fa525e) Importer(815301076,1909f56bfc062723c751e8b465ee728b)  -> (artifact id: '7828d67a1a2ae2541e05535caa26089f') in 0.152805 seconds 
========================================================================
Received Import Request.
  Time since last request: 8.981284 seconds.
  path: Assets/Materials/Fish/Piranha/Textures/T_Piranha.png
  artifactKey: Guid(c43605f926d982d43bcedd2c457576a2) Importer(815301076,1909f56bfc062723c751e8b465ee728b)
Start importing Assets/Materials/Fish/Piranha/Textures/T_Piranha.png using Guid(c43605f926d982d43bcedd2c457576a2) Importer(815301076,1909f56bfc062723c751e8b465ee728b)  -> (artifact id: 'e3b07214e3736c32121e2fc9b771a3bd') in 0.011995 seconds 
========================================================================
Received Import Request.
  Time since last request: 51.216705 seconds.
  path: Assets/Materials/Fish/ClownFish/M_ClownfishBaby.mat
  artifactKey: Guid(b53e566adf7b8d3478f0055eaa944d89) Importer(815301076,1909f56bfc062723c751e8b465ee728b)
Start importing Assets/Materials/Fish/ClownFish/M_ClownfishBaby.mat using Guid(b53e566adf7b8d3478f0055eaa944d89) Importer(815301076,1909f56bfc062723c751e8b465ee728b)  -> (artifact id: '2e0d1d9c716cfd96764b3253a9586773') in 0.017174 seconds 
========================================================================
Received Import Request.
  Time since last request: 0.000078 seconds.
  path: Assets/Materials/Fish/ClownFish/M_ClownfishTeen.mat
  artifactKey: Guid(59a64ef9ab77d154f8fe13469e3219e5) Importer(815301076,1909f56bfc062723c751e8b465ee728b)
Start importing Assets/Materials/Fish/ClownFish/M_ClownfishTeen.mat using Guid(59a64ef9ab77d154f8fe13469e3219e5) Importer(815301076,1909f56bfc062723c751e8b465ee728b)  -> (artifact id: 'bd00a8269d0d8b05587c07f7e5c2754e') in 0.022652 seconds 
========================================================================
Received Import Request.
  Time since last request: 21.294210 seconds.
  path: Assets/Materials/Fish/Piranha/M_Piranha 1.mat
  artifactKey: Guid(a3e44fa7e8e309d4dade434066d9c002) Importer(815301076,1909f56bfc062723c751e8b465ee728b)
Start importing Assets/Materials/Fish/Piranha/M_Piranha 1.mat using Guid(a3e44fa7e8e309d4dade434066d9c002) Importer(815301076,1909f56bfc062723c751e8b465ee728b)  -> (artifact id: '26f37e0f11bb288877f3b6660b90ab31') in 0.015654 seconds 
========================================================================
Received Import Request.
  Time since last request: 3.878810 seconds.
  path: Assets/Materials/Fish/Piranha/M_PiranhaAdult.mat
  artifactKey: Guid(95d6f6bb31051e2438147a2b63b324d8) Importer(815301076,1909f56bfc062723c751e8b465ee728b)
Start importing Assets/Materials/Fish/Piranha/M_PiranhaAdult.mat using Guid(95d6f6bb31051e2438147a2b63b324d8) Importer(815301076,1909f56bfc062723c751e8b465ee728b)  -> (artifact id: 'c74ae7380e0b40cad226c165313749cd') in 0.015503 seconds 
========================================================================
Received Import Request.
  Time since last request: 4.412267 seconds.
  path: Assets/Materials/Fish/Piranha/M_PiranhaBaby.mat
  artifactKey: Guid(a3e44fa7e8e309d4dade434066d9c002) Importer(815301076,1909f56bfc062723c751e8b465ee728b)
Start importing Assets/Materials/Fish/Piranha/M_PiranhaBaby.mat using Guid(a3e44fa7e8e309d4dade434066d9c002) Importer(815301076,1909f56bfc062723c751e8b465ee728b)  -> (artifact id: '8480e22f226a16f0adf7b34075b36d90') in 0.014719 seconds 
========================================================================
Received Import Request.
  Time since last request: 0.759404 seconds.
  path: Assets/Materials/Fish/Piranha/M_PiranhaBaby 1.mat
  artifactKey: Guid(d629f6da61dfcb840a2538a2faa76f0a) Importer(815301076,1909f56bfc062723c751e8b465ee728b)
Start importing Assets/Materials/Fish/Piranha/M_PiranhaBaby 1.mat using Guid(d629f6da61dfcb840a2538a2faa76f0a) Importer(815301076,1909f56bfc062723c751e8b465ee728b)  -> (artifact id: 'e8ade0c6cf1fcc155912c3da9f43f5b2') in 0.024432 seconds 
========================================================================
Received Import Request.
  Time since last request: 6.336748 seconds.
  path: Assets/Materials/Fish/Piranha/M_PiranhaTeen.mat
  artifactKey: Guid(d629f6da61dfcb840a2538a2faa76f0a) Importer(815301076,1909f56bfc062723c751e8b465ee728b)
Start importing Assets/Materials/Fish/Piranha/M_PiranhaTeen.mat using Guid(d629f6da61dfcb840a2538a2faa76f0a) Importer(815301076,1909f56bfc062723c751e8b465ee728b)  -> (artifact id: '12adacc5e96778f1b64a9b000fa78b34') in 0.018490 seconds 
========================================================================
Received Import Request.
  Time since last request: 1.355719 seconds.
  path: Assets/Materials/Fish/Piranha/M_PiranhaTeen 1.mat
  artifactKey: Guid(fe5d68b07a6244d458b93499a8d47574) Importer(815301076,1909f56bfc062723c751e8b465ee728b)
Start importing Assets/Materials/Fish/Piranha/M_PiranhaTeen 1.mat using Guid(fe5d68b07a6244d458b93499a8d47574) Importer(815301076,1909f56bfc062723c751e8b465ee728b)  -> (artifact id: 'd4301aa3ca9301a806ba573e7173f725') in 0.015864 seconds 
========================================================================
Received Import Request.
  Time since last request: 2.918886 seconds.
  path: Assets/Materials/Fish/Piranha/Elder.mat
  artifactKey: Guid(fe5d68b07a6244d458b93499a8d47574) Importer(815301076,1909f56bfc062723c751e8b465ee728b)
Start importing Assets/Materials/Fish/Piranha/Elder.mat using Guid(fe5d68b07a6244d458b93499a8d47574) Importer(815301076,1909f56bfc062723c751e8b465ee728b)  -> (artifact id: 'b0ad9867d75cc04fe09deec1f2614f55') in 0.017947 seconds 
========================================================================
Received Import Request.
  Time since last request: 7.520852 seconds.
  path: Assets/Materials/Fish/Piranha/Textures/T_PiranhaAdult.png
  artifactKey: Guid(c43605f926d982d43bcedd2c457576a2) Importer(815301076,1909f56bfc062723c751e8b465ee728b)
Start importing Assets/Materials/Fish/Piranha/Textures/T_PiranhaAdult.png using Guid(c43605f926d982d43bcedd2c457576a2) Importer(815301076,1909f56bfc062723c751e8b465ee728b)  -> (artifact id: '14a560f5eb5df5207cd5d6a1aa32ca7d') in 0.011583 seconds 
========================================================================
Received Import Request.
  Time since last request: 1.192448 seconds.
  path: Assets/Materials/Fish/Piranha/Textures/T_PiranhaAdult 1.png
  artifactKey: Guid(d7cbc4473d2c63c448313b3529a74c18) Importer(815301076,1909f56bfc062723c751e8b465ee728b)
Start importing Assets/Materials/Fish/Piranha/Textures/T_PiranhaAdult 1.png using Guid(d7cbc4473d2c63c448313b3529a74c18) Importer(815301076,1909f56bfc062723c751e8b465ee728b)  -> (artifact id: '5952c2dbc60833c190b885df012d5d00') in 0.012262 seconds 
========================================================================
Received Import Request.
  Time since last request: 6.206665 seconds.
  path: Assets/Materials/Fish/Piranha/Textures/T_PiranhaBaby.png
  artifactKey: Guid(d7cbc4473d2c63c448313b3529a74c18) Importer(815301076,1909f56bfc062723c751e8b465ee728b)
Start importing Assets/Materials/Fish/Piranha/Textures/T_PiranhaBaby.png using Guid(d7cbc4473d2c63c448313b3529a74c18) Importer(815301076,1909f56bfc062723c751e8b465ee728b)  -> (artifact id: '8e775cfafdc1f5620b219b2387eb0386') in 0.014679 seconds 
========================================================================
Received Import Request.
  Time since last request: 0.722905 seconds.
  path: Assets/Materials/Fish/Piranha/Textures/T_PiranhaBaby 1.png
  artifactKey: Guid(e29f0daedd062714497399d489c720ca) Importer(815301076,1909f56bfc062723c751e8b465ee728b)
Start importing Assets/Materials/Fish/Piranha/Textures/T_PiranhaBaby 1.png using Guid(e29f0daedd062714497399d489c720ca) Importer(815301076,1909f56bfc062723c751e8b465ee728b)  -> (artifact id: 'ffa74462e97671c0c8c9d83da2907e5f') in 0.012689 seconds 
========================================================================
Received Import Request.
  Time since last request: 7.383317 seconds.
  path: Assets/Materials/Fish/Piranha/Textures/T_PiranhaTeen.png
  artifactKey: Guid(e29f0daedd062714497399d489c720ca) Importer(815301076,1909f56bfc062723c751e8b465ee728b)
Start importing Assets/Materials/Fish/Piranha/Textures/T_PiranhaTeen.png using Guid(e29f0daedd062714497399d489c720ca) Importer(815301076,1909f56bfc062723c751e8b465ee728b)  -> (artifact id: '05dd02b6f8ab124049ac02ffac3bbf89') in 0.012698 seconds 
========================================================================
Received Import Request.
  Time since last request: 0.854440 seconds.
  path: Assets/Materials/Fish/Piranha/Textures/T_PiranhaTeen 1.png
  artifactKey: Guid(d179af31dcc69714ca7bf07f3b1f9436) Importer(815301076,1909f56bfc062723c751e8b465ee728b)
Start importing Assets/Materials/Fish/Piranha/Textures/T_PiranhaTeen 1.png using Guid(d179af31dcc69714ca7bf07f3b1f9436) Importer(815301076,1909f56bfc062723c751e8b465ee728b)  -> (artifact id: 'f917d15a8afe4b61ca53174dee2e7650') in 0.014836 seconds 
========================================================================
Received Import Request.
  Time since last request: 5.990577 seconds.
  path: Assets/Materials/Fish/Piranha/Textures/T_PiranhaElder.png
  artifactKey: Guid(d179af31dcc69714ca7bf07f3b1f9436) Importer(815301076,1909f56bfc062723c751e8b465ee728b)
Start importing Assets/Materials/Fish/Piranha/Textures/T_PiranhaElder.png using Guid(d179af31dcc69714ca7bf07f3b1f9436) Importer(815301076,1909f56bfc062723c751e8b465ee728b)  -> (artifact id: '33bdc331f3fdcf9ec8bd8775395b6e19') in 0.012824 seconds 
========================================================================
Received Import Request.
  Time since last request: 255.646581 seconds.
  path: Assets/Prefabs/Fish/Clown.prefab
  artifactKey: Guid(a37abcfc3d929f5459e01598280a2d55) Importer(815301076,1909f56bfc062723c751e8b465ee728b)
Start importing Assets/Prefabs/Fish/Clown.prefab using Guid(a37abcfc3d929f5459e01598280a2d55) Importer(815301076,1909f56bfc062723c751e8b465ee728b)  -> (artifact id: '44d3d4d03198922280b48c4a63a01522') in 0.128886 seconds 
========================================================================
Received Import Request.
  Time since last request: 96.837985 seconds.
  path: Assets/Quirky Series Ultimate/Fantasy Vol.1/Textures/T_Phoenix.png
  artifactKey: Guid(333089fb981ebc646b05d015c4170d6a) Importer(815301076,1909f56bfc062723c751e8b465ee728b)
Start importing Assets/Quirky Series Ultimate/Fantasy Vol.1/Textures/T_Phoenix.png using Guid(333089fb981ebc646b05d015c4170d6a) Importer(815301076,1909f56bfc062723c751e8b465ee728b)  -> (artifact id: '85b36f359ed0082bc98013eaccdb84c3') in 0.048341 seconds 
========================================================================
Received Import Request.
  Time since last request: 0.000044 seconds.
  path: Assets/Quirky Series Ultimate/Quirky Series Vol.2/Island Vol.1/Textures/T_Platypus.png
  artifactKey: Guid(58cdf964d5f56534593a5143cb39b8af) Importer(815301076,1909f56bfc062723c751e8b465ee728b)
Start importing Assets/Quirky Series Ultimate/Quirky Series Vol.2/Island Vol.1/Textures/T_Platypus.png using Guid(58cdf964d5f56534593a5143cb39b8af) Importer(815301076,1909f56bfc062723c751e8b465ee728b)  -> (artifact id: 'ed79f7bdab8aac3ef0acb1e83a10679d') in 0.031371 seconds 
========================================================================
Received Import Request.
  Time since last request: 0.000064 seconds.
  path: Assets/Materials/Fish/Piranha/Textures/T_PiranhaBaby.png
  artifactKey: Guid(d7cbc4473d2c63c448313b3529a74c18) Importer(815301076,1909f56bfc062723c751e8b465ee728b)
Start importing Assets/Materials/Fish/Piranha/Textures/T_PiranhaBaby.png using Guid(d7cbc4473d2c63c448313b3529a74c18) Importer(815301076,1909f56bfc062723c751e8b465ee728b)  -> (artifact id: '3a78f88c1cb8d3df3df87ab1148aede7') in 0.021930 seconds 
========================================================================
Received Import Request.
  Time since last request: 0.000035 seconds.
  path: Assets/Quirky Series Ultimate/Quirky Series Vol.1/Pets Vol.1/Textures/T_Pigeon.png
  artifactKey: Guid(9576c7b5077f2ba4a8ecb74bd20a2f85) Importer(815301076,1909f56bfc062723c751e8b465ee728b)
Start importing Assets/Quirky Series Ultimate/Quirky Series Vol.1/Pets Vol.1/Textures/T_Pigeon.png using Guid(9576c7b5077f2ba4a8ecb74bd20a2f85) Importer(815301076,1909f56bfc062723c751e8b465ee728b)  -> (artifact id: 'bf142fb0017b22cb10ac5c0d99c70c8d') in 0.027821 seconds 
========================================================================
Received Import Request.
  Time since last request: 33.876895 seconds.
  path: Assets/Materials/Fish/Piranha/M_PiranhaElder.mat
  artifactKey: Guid(fe5d68b07a6244d458b93499a8d47574) Importer(815301076,1909f56bfc062723c751e8b465ee728b)
Start importing Assets/Materials/Fish/Piranha/M_PiranhaElder.mat using Guid(fe5d68b07a6244d458b93499a8d47574) Importer(815301076,1909f56bfc062723c751e8b465ee728b)  -> (artifact id: 'da368d50ffb9d569d83910dd380c5be1') in 0.015609 seconds 
========================================================================
Received Import Request.
  Time since last request: 32.193434 seconds.
  path: Assets/Prefabs/Fish/Piranha.prefab
  artifactKey: Guid(c28fa2f3c52764644a282948045e36e0) Importer(815301076,1909f56bfc062723c751e8b465ee728b)
Start importing Assets/Prefabs/Fish/Piranha.prefab using Guid(c28fa2f3c52764644a282948045e36e0) Importer(815301076,1909f56bfc062723c751e8b465ee728b)  -> (artifact id: '7a0688aab8c7b6b301619af81547323e') in 0.074795 seconds 
========================================================================
Received Import Request.
  Time since last request: 157.553487 seconds.
  path: Assets/Materials/Fish/Piranha/Textures/T_PiranhaBaby.png
  artifactKey: Guid(d7cbc4473d2c63c448313b3529a74c18) Importer(815301076,1909f56bfc062723c751e8b465ee728b)
Start importing Assets/Materials/Fish/Piranha/Textures/T_PiranhaBaby.png using Guid(d7cbc4473d2c63c448313b3529a74c18) Importer(815301076,1909f56bfc062723c751e8b465ee728b)  -> (artifact id: 'cb3099fcef6a1b85edce9c0d7063f01c') in 0.024413 seconds 
========================================================================
Received Prepare
Registering precompiled user dll's ...
Registered in 0.005395 seconds.
Begin MonoManager ReloadAssembly
Symbol file LoadedFromMemory doesn't match image E:\Unity\FishTank\FishTank\Library\PackageCache\com.unity.visualscripting@1.7.8\Editor\VisualScripting.Core\Dependencies\YamlDotNet\Unity.VisualScripting.YamlDotNet.dll
Symbol file LoadedFromMemory doesn't match image E:\Unity\FishTank\FishTank\Library\PackageCache\com.unity.visualscripting@1.7.8\Editor\VisualScripting.Core\Dependencies\DotNetZip\Unity.VisualScripting.IonicZip.dll
Native extension for WindowsStandalone target not found
Refreshing native plugins compatible for Editor in 0.93 ms, found 3 plugins.
Preloading 0 native plugins for Editor in 0.00 ms.
Mono: successfully reloaded assembly
- Completed reload, in  1.202 seconds
Domain Reload Profiling:
	ReloadAssembly (1203ms)
		BeginReloadAssembly (151ms)
			ExecutionOrderSort (0ms)
			DisableScriptedObjects (5ms)
			BackupInstance (0ms)
			ReleaseScriptingObjects (0ms)
			CreateAndSetChildDomain (40ms)
		EndReloadAssembly (938ms)
			LoadAssemblies (121ms)
			RebuildTransferFunctionScriptingTraits (0ms)
			SetupTypeCache (317ms)
			ReleaseScriptCaches (2ms)
			RebuildScriptCaches (52ms)
			SetupLoadedEditorAssemblies (398ms)
				LogAssemblyErrors (0ms)
				InitializePlatformSupportModulesInManaged (14ms)
				SetLoadedEditorAssemblies (1ms)
				RefreshPlugins (1ms)
				BeforeProcessingInitializeOnLoad (81ms)
				ProcessInitializeOnLoadAttributes (256ms)
				ProcessInitializeOnLoadMethodAttributes (34ms)
				AfterProcessingInitializeOnLoad (11ms)
				EditorAssembliesLoaded (0ms)
			ExecutionOrderSort2 (0ms)
			AwakeInstancesAfterBackupRestoration (9ms)
Platform modules already initialized, skipping
Refreshing native plugins compatible for Editor in 3.68 ms, found 3 plugins.
Preloading 0 native plugins for Editor in 0.00 ms.
Unloading 3355 Unused Serialized files (Serialized files now loaded: 0)
Unloading 20 unused Assets / (81.2 KB). Loaded Objects now: 3868.
Memory consumption went from 137.1 MB to 137.1 MB.
Total: 4.872800 ms (FindLiveObjects: 0.354900 ms CreateObjectMapping: 0.219600 ms MarkObjects: 4.038500 ms  DeleteObjects: 0.257800 ms)

AssetImportParameters requested are different than current active one (requested -> active):
  custom:video-decoder-ogg-theora: a1e56fd34408186e4bbccfd4996cb3dc -> 
  custom:container-muxer-webm: aa71ff27fc2769a1b78a27578f13a17b -> 
  custom:container-demuxer-webm: 4f35f7cbe854078d1ac9338744f61a02 -> 
  custom:video-encoder-webm-vp8: eb34c28f22e8b96e1ab97ce403110664 -> 
  custom:audio-encoder-webm-vorbis: bf7c407c2cedff20999df2af8eb42d56 -> 
  custom:framework-win-MediaFoundation: 216162199b28c13a410421893ffa2e32 -> 
  custom:container-demuxer-ogg: 62fdf1f143b41e24485cea50d1cbac27 -> 
  custom:video-decoder-webm-vp8: 9c59270c3fd7afecdb556c50c9e8de78 -> 
  custom:audio-decoder-ogg-vorbis: bf7c407c2cedff20999df2af8eb42d56 -> 
========================================================================
Received Import Request.
  Time since last request: 543.748101 seconds.
  path: Assets/Prefabs/Fish/Piranha.prefab
  artifactKey: Guid(c28fa2f3c52764644a282948045e36e0) Importer(815301076,1909f56bfc062723c751e8b465ee728b)
Start importing Assets/Prefabs/Fish/Piranha.prefab using Guid(c28fa2f3c52764644a282948045e36e0) Importer(815301076,1909f56bfc062723c751e8b465ee728b)  -> (artifact id: 'a16e529a9d24025b8a50dab6b6cb8880') in 0.124474 seconds 
========================================================================
Received Prepare
Registering precompiled user dll's ...
Registered in 0.007056 seconds.
Begin MonoManager ReloadAssembly
Symbol file LoadedFromMemory doesn't match image E:\Unity\FishTank\FishTank\Library\PackageCache\com.unity.visualscripting@1.7.8\Editor\VisualScripting.Core\Dependencies\YamlDotNet\Unity.VisualScripting.YamlDotNet.dll
Symbol file LoadedFromMemory doesn't match image E:\Unity\FishTank\FishTank\Library\PackageCache\com.unity.visualscripting@1.7.8\Editor\VisualScripting.Core\Dependencies\DotNetZip\Unity.VisualScripting.IonicZip.dll
Native extension for WindowsStandalone target not found
Refreshing native plugins compatible for Editor in 0.95 ms, found 3 plugins.
Preloading 0 native plugins for Editor in 0.00 ms.
Mono: successfully reloaded assembly
- Completed reload, in  1.209 seconds
Domain Reload Profiling:
	ReloadAssembly (1210ms)
		BeginReloadAssembly (174ms)
			ExecutionOrderSort (0ms)
			DisableScriptedObjects (7ms)
			BackupInstance (0ms)
			ReleaseScriptingObjects (0ms)
			CreateAndSetChildDomain (53ms)
		EndReloadAssembly (934ms)
			LoadAssemblies (120ms)
			RebuildTransferFunctionScriptingTraits (0ms)
			SetupTypeCache (307ms)
			ReleaseScriptCaches (2ms)
			RebuildScriptCaches (51ms)
			SetupLoadedEditorAssemblies (414ms)
				LogAssemblyErrors (0ms)
				InitializePlatformSupportModulesInManaged (15ms)
				SetLoadedEditorAssemblies (1ms)
				RefreshPlugins (1ms)
				BeforeProcessingInitializeOnLoad (79ms)
				ProcessInitializeOnLoadAttributes (272ms)
				ProcessInitializeOnLoadMethodAttributes (32ms)
				AfterProcessingInitializeOnLoad (14ms)
				EditorAssembliesLoaded (0ms)
			ExecutionOrderSort2 (0ms)
			AwakeInstancesAfterBackupRestoration (8ms)
Platform modules already initialized, skipping
Refreshing native plugins compatible for Editor in 3.43 ms, found 3 plugins.
Preloading 0 native plugins for Editor in 0.00 ms.
Unloading 3355 Unused Serialized files (Serialized files now loaded: 0)
Unloading 20 unused Assets / (81.1 KB). Loaded Objects now: 3871.
Memory consumption went from 137.1 MB to 137.1 MB.
Total: 6.474000 ms (FindLiveObjects: 0.681800 ms CreateObjectMapping: 0.882800 ms MarkObjects: 4.705000 ms  DeleteObjects: 0.202400 ms)

AssetImportParameters requested are different than current active one (requested -> active):
  custom:video-decoder-ogg-theora: a1e56fd34408186e4bbccfd4996cb3dc -> 
  custom:container-muxer-webm: aa71ff27fc2769a1b78a27578f13a17b -> 
  custom:container-demuxer-webm: 4f35f7cbe854078d1ac9338744f61a02 -> 
  custom:video-encoder-webm-vp8: eb34c28f22e8b96e1ab97ce403110664 -> 
  custom:audio-encoder-webm-vorbis: bf7c407c2cedff20999df2af8eb42d56 -> 
  custom:framework-win-MediaFoundation: 216162199b28c13a410421893ffa2e32 -> 
  custom:container-demuxer-ogg: 62fdf1f143b41e24485cea50d1cbac27 -> 
  custom:video-decoder-webm-vp8: 9c59270c3fd7afecdb556c50c9e8de78 -> 
  custom:audio-decoder-ogg-vorbis: bf7c407c2cedff20999df2af8eb42d56 -> 
========================================================================
Received Import Request.
  Time since last request: 186.323905 seconds.
  path: Assets/Prefabs/Fish/Piranha.prefab
  artifactKey: Guid(c28fa2f3c52764644a282948045e36e0) Importer(815301076,1909f56bfc062723c751e8b465ee728b)
Start importing Assets/Prefabs/Fish/Piranha.prefab using Guid(c28fa2f3c52764644a282948045e36e0) Importer(815301076,1909f56bfc062723c751e8b465ee728b)  -> (artifact id: '54f421aa370d40a7840ce4ff2ad212d9') in 0.132328 seconds 
========================================================================
Received Import Request.
  Time since last request: 3.637779 seconds.
  path: Assets/Prefabs/Fish/Piranha.prefab
  artifactKey: Guid(c28fa2f3c52764644a282948045e36e0) Importer(815301076,1909f56bfc062723c751e8b465ee728b)
Start importing Assets/Prefabs/Fish/Piranha.prefab using Guid(c28fa2f3c52764644a282948045e36e0) Importer(815301076,1909f56bfc062723c751e8b465ee728b)  -> (artifact id: 'f41304aa196506aa25374fe4c088de7a') in 0.075062 seconds 
========================================================================
Received Import Request.
  Time since last request: 35.188084 seconds.
  path: Assets/Quirky Series Ultimate/Quirky Series Vol.4/River Vol.2/Animations/Alligator_Animations.fbx
  artifactKey: Guid(0b10ce111f41f034a810d440f723a869) Importer(815301076,1909f56bfc062723c751e8b465ee728b)
Start importing Assets/Quirky Series Ultimate/Quirky Series Vol.4/River Vol.2/Animations/Alligator_Animations.fbx using Guid(0b10ce111f41f034a810d440f723a869) Importer(815301076,1909f56bfc062723c751e8b465ee728b)  -> (artifact id: 'a589104965b1f7cd20182ef6a2c59960') in 0.138595 seconds 
========================================================================
Received Import Request.
  Time since last request: 0.000031 seconds.
  path: Assets/Quirky Series Ultimate/Quirky Series Vol.2/Desert Vol.1/Animations/Armadillo_Animations.fbx
  artifactKey: Guid(bf4017df3a5f2474783f62d6a970776e) Importer(815301076,1909f56bfc062723c751e8b465ee728b)
Start importing Assets/Quirky Series Ultimate/Quirky Series Vol.2/Desert Vol.1/Animations/Armadillo_Animations.fbx using Guid(bf4017df3a5f2474783f62d6a970776e) Importer(815301076,1909f56bfc062723c751e8b465ee728b)  -> (artifact id: '6ee522523e0e5c6c06e4a95d2ec27f25') in 0.069404 seconds 
========================================================================
Received Import Request.
  Time since last request: 0.000046 seconds.
  path: Assets/Quirky Series Ultimate/Quirky Series Vol.2/River Vol.1/Models/Arowana_LOD0.fbx
  artifactKey: Guid(90f5e63ff6916344d8115bde5b72debb) Importer(815301076,1909f56bfc062723c751e8b465ee728b)
Start importing Assets/Quirky Series Ultimate/Quirky Series Vol.2/River Vol.1/Models/Arowana_LOD0.fbx using Guid(90f5e63ff6916344d8115bde5b72debb) Importer(815301076,1909f56bfc062723c751e8b465ee728b)  -> (artifact id: 'f44162e935aaeffa09d83c933d566182') in 0.058998 seconds 
========================================================================
Received Import Request.
  Time since last request: 0.000076 seconds.
  path: Assets/Quirky Series Ultimate/Quirky Series Vol.2/River Vol.1/Animations/Arowana_Animations.fbx
  artifactKey: Guid(ccda0c5ab07a40d49b51ccc70b1c8d01) Importer(815301076,1909f56bfc062723c751e8b465ee728b)
Start importing Assets/Quirky Series Ultimate/Quirky Series Vol.2/River Vol.1/Animations/Arowana_Animations.fbx using Guid(ccda0c5ab07a40d49b51ccc70b1c8d01) Importer(815301076,1909f56bfc062723c751e8b465ee728b)  -> (artifact id: '4844d20799fd4e76930de79de171e704') in 0.039857 seconds 
========================================================================
Received Import Request.
  Time since last request: 0.000036 seconds.
  path: Assets/Quirky Series Ultimate/Quirky Series Vol.2/River Vol.1/Models/Arowana_LOD1.fbx
  artifactKey: Guid(cbd868a01ae50cc408bd2c743527d5fc) Importer(815301076,1909f56bfc062723c751e8b465ee728b)
Start importing Assets/Quirky Series Ultimate/Quirky Series Vol.2/River Vol.1/Models/Arowana_LOD1.fbx using Guid(cbd868a01ae50cc408bd2c743527d5fc) Importer(815301076,1909f56bfc062723c751e8b465ee728b)  -> (artifact id: '43cd55ca46e1805281829256eb24957b') in 0.049407 seconds 
========================================================================
Received Import Request.
  Time since last request: 0.000052 seconds.
  path: Assets/Quirky Series Ultimate/Quirky Series Vol.3/Safari Vol.2/Animations/Antelope_Animations.fbx
  artifactKey: Guid(9f7a164d6dfcb634ab96d72d513e09d3) Importer(815301076,1909f56bfc062723c751e8b465ee728b)
Start importing Assets/Quirky Series Ultimate/Quirky Series Vol.3/Safari Vol.2/Animations/Antelope_Animations.fbx using Guid(9f7a164d6dfcb634ab96d72d513e09d3) Importer(815301076,1909f56bfc062723c751e8b465ee728b)  -> (artifact id: '8e26857f827bb71fb6f8841d27d40b05') in 0.061497 seconds 
========================================================================
Received Import Request.
  Time since last request: 3.257181 seconds.
  path: Assets/Quirky Series Ultimate/Quirky Series Vol.1/Farm Vol.1/Animations/Pig_Animations.fbx
  artifactKey: Guid(9c097285657e7bc46893add319710350) Importer(815301076,1909f56bfc062723c751e8b465ee728b)
Start importing Assets/Quirky Series Ultimate/Quirky Series Vol.1/Farm Vol.1/Animations/Pig_Animations.fbx using Guid(9c097285657e7bc46893add319710350) Importer(815301076,1909f56bfc062723c751e8b465ee728b)  -> (artifact id: '87842cd452798af0a83606f8c06fa5f5') in 0.058244 seconds 
========================================================================
Received Import Request.
  Time since last request: 0.000039 seconds.
  path: Assets/Quirky Series Ultimate/Quirky Series Vol.2/River Vol.1/Models/SnappingTurtle_LOD0.fbx
  artifactKey: Guid(d17682da1c8de2b408e0e6d0f67bff32) Importer(815301076,1909f56bfc062723c751e8b465ee728b)
Start importing Assets/Quirky Series Ultimate/Quirky Series Vol.2/River Vol.1/Models/SnappingTurtle_LOD0.fbx using Guid(d17682da1c8de2b408e0e6d0f67bff32) Importer(815301076,1909f56bfc062723c751e8b465ee728b)  -> (artifact id: '348127be8405b155ba0f2da4b7d17045') in 0.061172 seconds 
========================================================================
Received Import Request.
  Time since last request: 0.000052 seconds.
  path: Assets/Quirky Series Ultimate/Quirky Series Vol.2/River Vol.1/Models/SnappingTurtle_LOD2.fbx
  artifactKey: Guid(9d89892e5b98f474eb451042bcae0b2c) Importer(815301076,1909f56bfc062723c751e8b465ee728b)
Start importing Assets/Quirky Series Ultimate/Quirky Series Vol.2/River Vol.1/Models/SnappingTurtle_LOD2.fbx using Guid(9d89892e5b98f474eb451042bcae0b2c) Importer(815301076,1909f56bfc062723c751e8b465ee728b)  -> (artifact id: '96d66ed48e55e2fdc3ae22f9929d4e30') in 0.057856 seconds 
========================================================================
Received Import Request.
  Time since last request: 2.068060 seconds.
  path: Assets/Prefabs/Fish/Piranha.prefab
  artifactKey: Guid(c28fa2f3c52764644a282948045e36e0) Importer(815301076,1909f56bfc062723c751e8b465ee728b)
Start importing Assets/Prefabs/Fish/Piranha.prefab using Guid(c28fa2f3c52764644a282948045e36e0) Importer(815301076,1909f56bfc062723c751e8b465ee728b)  -> (artifact id: '64d1745e911485b0e932d98a92148bb5') in 0.083298 seconds 
========================================================================
Received Prepare
Registering precompiled user dll's ...
Registered in 0.005320 seconds.
Begin MonoManager ReloadAssembly
Symbol file LoadedFromMemory doesn't match image E:\Unity\FishTank\FishTank\Library\PackageCache\com.unity.visualscripting@1.7.8\Editor\VisualScripting.Core\Dependencies\YamlDotNet\Unity.VisualScripting.YamlDotNet.dll
Symbol file LoadedFromMemory doesn't match image E:\Unity\FishTank\FishTank\Library\PackageCache\com.unity.visualscripting@1.7.8\Editor\VisualScripting.Core\Dependencies\DotNetZip\Unity.VisualScripting.IonicZip.dll
Native extension for WindowsStandalone target not found
Refreshing native plugins compatible for Editor in 1.66 ms, found 3 plugins.
Preloading 0 native plugins for Editor in 0.00 ms.
Mono: successfully reloaded assembly
- Completed reload, in  1.296 seconds
Domain Reload Profiling:
	ReloadAssembly (1297ms)
		BeginReloadAssembly (180ms)
			ExecutionOrderSort (0ms)
			DisableScriptedObjects (5ms)
			BackupInstance (0ms)
			ReleaseScriptingObjects (0ms)
			CreateAndSetChildDomain (45ms)
		EndReloadAssembly (999ms)
			LoadAssemblies (144ms)
			RebuildTransferFunctionScriptingTraits (0ms)
			SetupTypeCache (362ms)
			ReleaseScriptCaches (2ms)
			RebuildScriptCaches (64ms)
			SetupLoadedEditorAssemblies (392ms)
				LogAssemblyErrors (0ms)
				InitializePlatformSupportModulesInManaged (15ms)
				SetLoadedEditorAssemblies (1ms)
				RefreshPlugins (2ms)
				BeforeProcessingInitializeOnLoad (75ms)
				ProcessInitializeOnLoadAttributes (256ms)
				ProcessInitializeOnLoadMethodAttributes (31ms)
				AfterProcessingInitializeOnLoad (12ms)
				EditorAssembliesLoaded (0ms)
			ExecutionOrderSort2 (0ms)
			AwakeInstancesAfterBackupRestoration (7ms)
Platform modules already initialized, skipping
Refreshing native plugins compatible for Editor in 3.61 ms, found 3 plugins.
Preloading 0 native plugins for Editor in 0.00 ms.
Unloading 3355 Unused Serialized files (Serialized files now loaded: 0)
Unloading 20 unused Assets / (81.2 KB). Loaded Objects now: 3877.
Memory consumption went from 137.5 MB to 137.4 MB.
Total: 5.254000 ms (FindLiveObjects: 0.345200 ms CreateObjectMapping: 0.275900 ms MarkObjects: 4.462500 ms  DeleteObjects: 0.168800 ms)

AssetImportParameters requested are different than current active one (requested -> active):
  custom:video-decoder-ogg-theora: a1e56fd34408186e4bbccfd4996cb3dc -> 
  custom:container-muxer-webm: aa71ff27fc2769a1b78a27578f13a17b -> 
  custom:container-demuxer-webm: 4f35f7cbe854078d1ac9338744f61a02 -> 
  custom:video-encoder-webm-vp8: eb34c28f22e8b96e1ab97ce403110664 -> 
  custom:audio-encoder-webm-vorbis: bf7c407c2cedff20999df2af8eb42d56 -> 
  custom:framework-win-MediaFoundation: 216162199b28c13a410421893ffa2e32 -> 
  custom:container-demuxer-ogg: 62fdf1f143b41e24485cea50d1cbac27 -> 
  custom:video-decoder-webm-vp8: 9c59270c3fd7afecdb556c50c9e8de78 -> 
  custom:audio-decoder-ogg-vorbis: bf7c407c2cedff20999df2af8eb42d56 -> 
