Using pre-set license
Built from '2021.3/staging' branch; Version is '2021.3.14f1 (eee1884e7226) revision 15655304'; Using compiler version '192829333'; Build Type 'Release'
OS: 'Windows 10  (10.0.19044) 64bit Professional' Language: 'es' Physical Memory: 16329 MB
BatchMode: 1, IsHumanControllingUs: 0, StartBugReporterOnCrash: 0, Is64bit: 1, IsPro: 1

COMMAND LINE ARGUMENTS:
C:\Program Files\Unity\Hub\Editor\2021.3.14f1\Editor\Unity.exe
-adb2
-batchMode
-noUpm
-name
AssetImportWorker0
-projectPath
E:/Unity/FishTank/FishTank
-logFile
Logs/AssetImportWorker0.log
-srvPort
51347
Successfully changed project path to: E:/Unity/FishTank/FishTank
E:/Unity/FishTank/FishTank
[UnityMemory] Configuration Parameters - Can be set up in boot.config
    "memorysetup-bucket-allocator-granularity=16"
    "memorysetup-bucket-allocator-bucket-count=8"
    "memorysetup-bucket-allocator-block-size=33554432"
    "memorysetup-bucket-allocator-block-count=8"
    "memorysetup-main-allocator-block-size=16777216"
    "memorysetup-thread-allocator-block-size=16777216"
    "memorysetup-gfx-main-allocator-block-size=16777216"
    "memorysetup-gfx-thread-allocator-block-size=16777216"
    "memorysetup-cache-allocator-block-size=4194304"
    "memorysetup-typetree-allocator-block-size=2097152"
    "memorysetup-profiler-bucket-allocator-granularity=16"
    "memorysetup-profiler-bucket-allocator-bucket-count=8"
    "memorysetup-profiler-bucket-allocator-block-size=33554432"
    "memorysetup-profiler-bucket-allocator-block-count=8"
    "memorysetup-profiler-allocator-block-size=16777216"
    "memorysetup-profiler-editor-allocator-block-size=1048576"
    "memorysetup-temp-allocator-size-main=16777216"
    "memorysetup-job-temp-allocator-block-size=2097152"
    "memorysetup-job-temp-allocator-block-size-background=1048576"
    "memorysetup-job-temp-allocator-reduction-small-platforms=262144"
    "memorysetup-temp-allocator-size-background-worker=32768"
    "memorysetup-temp-allocator-size-job-worker=262144"
    "memorysetup-temp-allocator-size-preload-manager=33554432"
    "memorysetup-temp-allocator-size-nav-mesh-worker=65536"
    "memorysetup-temp-allocator-size-audio-worker=65536"
    "memorysetup-temp-allocator-size-cloud-worker=32768"
    "memorysetup-temp-allocator-size-gi-baking-worker=262144"
    "memorysetup-temp-allocator-size-gfx=262144"
Refreshing native plugins compatible for Editor in 96.04 ms, found 3 plugins.
Preloading 0 native plugins for Editor in 0.00 ms.
Initialize engine version: 2021.3.14f1 (eee1884e7226)
[Subsystems] Discovering subsystems at path C:/Program Files/Unity/Hub/Editor/2021.3.14f1/Editor/Data/Resources/UnitySubsystems
[Subsystems] Discovering subsystems at path E:/Unity/FishTank/FishTank/Assets
GfxDevice: creating device client; threaded=0; jobified=0
Direct3D:
    Version:  Direct3D 11.0 [level 11.1]
    Renderer: NVIDIA GeForce RTX 3060 (ID=0x2504)
    Vendor:   NVIDIA
    VRAM:     12129 MB
    Driver:   31.0.15.2849
Initialize mono
Mono path[0] = 'C:/Program Files/Unity/Hub/Editor/2021.3.14f1/Editor/Data/Managed'
Mono path[1] = 'C:/Program Files/Unity/Hub/Editor/2021.3.14f1/Editor/Data/MonoBleedingEdge/lib/mono/unityjit-win32'
Mono config path = 'C:/Program Files/Unity/Hub/Editor/2021.3.14f1/Editor/Data/MonoBleedingEdge/etc'
Using monoOptions --debugger-agent=transport=dt_socket,embedding=1,server=y,suspend=n,address=127.0.0.1:56052
Begin MonoManager ReloadAssembly
Registering precompiled unity dll's ...
Register platform support module: C:/Program Files/Unity/Hub/Editor/2021.3.14f1/Editor/Data/PlaybackEngines/WindowsStandaloneSupport/UnityEditor.WindowsStandalone.Extensions.dll
Registered in 0.008707 seconds.
Native extension for WindowsStandalone target not found
Refreshing native plugins compatible for Editor in 95.04 ms, found 3 plugins.
Preloading 0 native plugins for Editor in 0.00 ms.
Mono: successfully reloaded assembly
- Completed reload, in  0.722 seconds
Domain Reload Profiling:
	ReloadAssembly (722ms)
		BeginReloadAssembly (91ms)
			ExecutionOrderSort (0ms)
			DisableScriptedObjects (0ms)
			BackupInstance (0ms)
			ReleaseScriptingObjects (0ms)
			CreateAndSetChildDomain (1ms)
		EndReloadAssembly (503ms)
			LoadAssemblies (88ms)
			RebuildTransferFunctionScriptingTraits (0ms)
			SetupTypeCache (116ms)
			ReleaseScriptCaches (0ms)
			RebuildScriptCaches (33ms)
			SetupLoadedEditorAssemblies (291ms)
				LogAssemblyErrors (0ms)
				InitializePlatformSupportModulesInManaged (7ms)
				SetLoadedEditorAssemblies (0ms)
				RefreshPlugins (95ms)
				BeforeProcessingInitializeOnLoad (1ms)
				ProcessInitializeOnLoadAttributes (139ms)
				ProcessInitializeOnLoadMethodAttributes (48ms)
				AfterProcessingInitializeOnLoad (0ms)
				EditorAssembliesLoaded (0ms)
			ExecutionOrderSort2 (0ms)
			AwakeInstancesAfterBackupRestoration (0ms)
Platform modules already initialized, skipping
Registering precompiled user dll's ...
Registered in 0.006020 seconds.
Begin MonoManager ReloadAssembly
Symbol file LoadedFromMemory doesn't match image E:\Unity\FishTank\FishTank\Library\PackageCache\com.unity.visualscripting@1.7.8\Editor\VisualScripting.Core\Dependencies\YamlDotNet\Unity.VisualScripting.YamlDotNet.dll
Symbol file LoadedFromMemory doesn't match image E:\Unity\FishTank\FishTank\Library\PackageCache\com.unity.visualscripting@1.7.8\Editor\VisualScripting.Core\Dependencies\DotNetZip\Unity.VisualScripting.IonicZip.dll
Native extension for WindowsStandalone target not found
Refreshing native plugins compatible for Editor in 3.11 ms, found 3 plugins.
Preloading 0 native plugins for Editor in 0.00 ms.
Mono: successfully reloaded assembly
- Completed reload, in  1.101 seconds
Domain Reload Profiling:
	ReloadAssembly (1102ms)
		BeginReloadAssembly (120ms)
			ExecutionOrderSort (0ms)
			DisableScriptedObjects (7ms)
			BackupInstance (0ms)
			ReleaseScriptingObjects (0ms)
			CreateAndSetChildDomain (20ms)
		EndReloadAssembly (850ms)
			LoadAssemblies (117ms)
			RebuildTransferFunctionScriptingTraits (0ms)
			SetupTypeCache (269ms)
			ReleaseScriptCaches (1ms)
			RebuildScriptCaches (58ms)
			SetupLoadedEditorAssemblies (375ms)
				LogAssemblyErrors (0ms)
				InitializePlatformSupportModulesInManaged (8ms)
				SetLoadedEditorAssemblies (1ms)
				RefreshPlugins (3ms)
				BeforeProcessingInitializeOnLoad (91ms)
				ProcessInitializeOnLoadAttributes (241ms)
				ProcessInitializeOnLoadMethodAttributes (22ms)
				AfterProcessingInitializeOnLoad (9ms)
				EditorAssembliesLoaded (0ms)
			ExecutionOrderSort2 (0ms)
			AwakeInstancesAfterBackupRestoration (6ms)
Platform modules already initialized, skipping
========================================================================
Worker process is ready to serve import requests
Launched and connected shader compiler UnityShaderCompiler.exe after 0.09 seconds
Refreshing native plugins compatible for Editor in 1.01 ms, found 3 plugins.
Preloading 0 native plugins for Editor in 0.00 ms.
Unloading 3362 Unused Serialized files (Serialized files now loaded: 0)
Unloading 27 unused Assets / (114.3 KB). Loaded Objects now: 3821.
Memory consumption went from 120.1 MB to 120.0 MB.
Total: 3.902700 ms (FindLiveObjects: 0.359200 ms CreateObjectMapping: 0.272200 ms MarkObjects: 3.080000 ms  DeleteObjects: 0.190100 ms)

AssetImportParameters requested are different than current active one (requested -> active):
  custom:video-decoder-ogg-theora: a1e56fd34408186e4bbccfd4996cb3dc -> 
  custom:container-muxer-webm: aa71ff27fc2769a1b78a27578f13a17b -> 
  custom:container-demuxer-webm: 4f35f7cbe854078d1ac9338744f61a02 -> 
  custom:video-encoder-webm-vp8: eb34c28f22e8b96e1ab97ce403110664 -> 
  custom:audio-encoder-webm-vorbis: bf7c407c2cedff20999df2af8eb42d56 -> 
  custom:framework-win-MediaFoundation: 216162199b28c13a410421893ffa2e32 -> 
  custom:container-demuxer-ogg: 62fdf1f143b41e24485cea50d1cbac27 -> 
  custom:video-decoder-webm-vp8: 9c59270c3fd7afecdb556c50c9e8de78 -> 
  custom:audio-decoder-ogg-vorbis: bf7c407c2cedff20999df2af8eb42d56 -> 
========================================================================
Received Import Request.
  Time since last request: 21694.492241 seconds.
  path: Assets/Prefabs/Fish/Piranha.prefab
  artifactKey: Guid(c28fa2f3c52764644a282948045e36e0) Importer(815301076,1909f56bfc062723c751e8b465ee728b)
Start importing Assets/Prefabs/Fish/Piranha.prefab using Guid(c28fa2f3c52764644a282948045e36e0) Importer(815301076,1909f56bfc062723c751e8b465ee728b)  -> (artifact id: 'fab6d385e406204672a937c406d81191') in 0.202974 seconds 
========================================================================
Received Import Request.
  Time since last request: 10.980960 seconds.
  path: Assets/Materials/Mat_FishTank.mat
  artifactKey: Guid(894c24010e99b0f41a84de0125ab2e1c) Importer(815301076,1909f56bfc062723c751e8b465ee728b)
Start importing Assets/Materials/Mat_FishTank.mat using Guid(894c24010e99b0f41a84de0125ab2e1c) Importer(815301076,1909f56bfc062723c751e8b465ee728b)  -> (artifact id: '461353104ebf90a9554237fd8bd27417') in 0.039787 seconds 
========================================================================
Received Import Request.
  Time since last request: 27.997786 seconds.
  path: Assets/Materials/Food/Mat_BigFood.mat
  artifactKey: Guid(522515ee9d195304f9ed682f8c949538) Importer(815301076,1909f56bfc062723c751e8b465ee728b)
Start importing Assets/Materials/Food/Mat_BigFood.mat using Guid(522515ee9d195304f9ed682f8c949538) Importer(815301076,1909f56bfc062723c751e8b465ee728b)  -> (artifact id: 'd0ac688dee20357f3600de27b7d4a51c') in 0.033691 seconds 
========================================================================
Received Import Request.
  Time since last request: 121.838586 seconds.
  path: Assets/Quirky Series Ultimate/Quirky Series Vol.2/Sea Vol.1/Prefabs/Clownfish.prefab
  artifactKey: Guid(ac025b10ea6ba084583ce269e3462202) Importer(815301076,1909f56bfc062723c751e8b465ee728b)
Start importing Assets/Quirky Series Ultimate/Quirky Series Vol.2/Sea Vol.1/Prefabs/Clownfish.prefab using Guid(ac025b10ea6ba084583ce269e3462202) Importer(815301076,1909f56bfc062723c751e8b465ee728b)  -> (artifact id: '3c5c855d92b6b1d5847892b41ad6bad6') in 0.079528 seconds 
========================================================================
Received Import Request.
  Time since last request: 7.758245 seconds.
  path: Assets/Quirky Series Ultimate/Quirky Series Vol.2/Sea Vol.1/Materials
  artifactKey: Guid(10e559f431798e247a41ac367dbaf021) Importer(815301076,1909f56bfc062723c751e8b465ee728b)
Start importing Assets/Quirky Series Ultimate/Quirky Series Vol.2/Sea Vol.1/Materials using Guid(10e559f431798e247a41ac367dbaf021) Importer(815301076,1909f56bfc062723c751e8b465ee728b)  -> (artifact id: 'bb41517a864169b08958cfd00ac1ef9f') in 0.007126 seconds 
========================================================================
Received Import Request.
  Time since last request: 0.046797 seconds.
  path: Assets/Quirky Series Ultimate/Quirky Series Vol.2/Sea Vol.1/Materials/M_Clownfish.mat
  artifactKey: Guid(d11dc8fd7da023f4ead6ae0d4fe39872) Importer(815301076,1909f56bfc062723c751e8b465ee728b)
Start importing Assets/Quirky Series Ultimate/Quirky Series Vol.2/Sea Vol.1/Materials/M_Clownfish.mat using Guid(d11dc8fd7da023f4ead6ae0d4fe39872) Importer(815301076,1909f56bfc062723c751e8b465ee728b)  -> (artifact id: '01c81ac776dc9c76a4cf23f1fcf59977') in 0.029664 seconds 
========================================================================
Received Import Request.
  Time since last request: 0.000063 seconds.
  path: Assets/Quirky Series Ultimate/Quirky Series Vol.2/Sea Vol.1/Materials/M_SeaHorse.mat
  artifactKey: Guid(25d07c50731613f42977d697f67dd8eb) Importer(815301076,1909f56bfc062723c751e8b465ee728b)
Start importing Assets/Quirky Series Ultimate/Quirky Series Vol.2/Sea Vol.1/Materials/M_SeaHorse.mat using Guid(25d07c50731613f42977d697f67dd8eb) Importer(815301076,1909f56bfc062723c751e8b465ee728b)  -> (artifact id: '231aac5126f9e5a8bc404d0c043a8e55') in 0.030710 seconds 
========================================================================
Received Import Request.
  Time since last request: 0.000037 seconds.
  path: Assets/Quirky Series Ultimate/Quirky Series Vol.2/Sea Vol.1/Materials/M_Orca.mat
  artifactKey: Guid(03616b9c032154b4abd3d7b3f80e6b7f) Importer(815301076,1909f56bfc062723c751e8b465ee728b)
Start importing Assets/Quirky Series Ultimate/Quirky Series Vol.2/Sea Vol.1/Materials/M_Orca.mat using Guid(03616b9c032154b4abd3d7b3f80e6b7f) Importer(815301076,1909f56bfc062723c751e8b465ee728b)  -> (artifact id: '5876d4138883f99b8a4e7e6998c468a8') in 0.025465 seconds 
========================================================================
Received Import Request.
  Time since last request: 0.000028 seconds.
  path: Assets/Quirky Series Ultimate/Quirky Series Vol.2/Sea Vol.1/Materials/M_Lobster.mat
  artifactKey: Guid(0988ad5b9c9e5ed4f964aff210786c64) Importer(815301076,1909f56bfc062723c751e8b465ee728b)
Start importing Assets/Quirky Series Ultimate/Quirky Series Vol.2/Sea Vol.1/Materials/M_Lobster.mat using Guid(0988ad5b9c9e5ed4f964aff210786c64) Importer(815301076,1909f56bfc062723c751e8b465ee728b)  -> (artifact id: '7cfd6824ac9ff16eec94d6daa4f0dee1') in 0.030190 seconds 
========================================================================
Received Import Request.
  Time since last request: 0.000018 seconds.
  path: Assets/Quirky Series Ultimate/Quirky Series Vol.2/Sea Vol.1/Materials/M_SeaOtter.mat
  artifactKey: Guid(2fd069e2e8978f34699b16db690d1c66) Importer(815301076,1909f56bfc062723c751e8b465ee728b)
Start importing Assets/Quirky Series Ultimate/Quirky Series Vol.2/Sea Vol.1/Materials/M_SeaOtter.mat using Guid(2fd069e2e8978f34699b16db690d1c66) Importer(815301076,1909f56bfc062723c751e8b465ee728b)  -> (artifact id: '06bacf4398f8bbeefd7873ea00287ce0') in 0.026541 seconds 
Editor requested this worker to shutdown with reason: Scaling down because of idle timeout
AssetImportWorker is now disconnected from the server
Process exiting
Exiting without the bug reporter. Application will terminate with return code 0